{"numFailedTestSuites":0,"numFailedTests":0,"numPassedTestSuites":1,"numPassedTests":5,"numPendingTestSuites":0,"numPendingTests":0,"numRuntimeErrorTestSuites":0,"numTodoTests":0,"numTotalTestSuites":1,"numTotalTests":5,"openHandles":[],"snapshot":{"added":0,"didUpdate":false,"failure":false,"filesAdded":0,"filesRemoved":0,"filesRemovedList":[],"filesUnmatched":0,"filesUpdated":0,"matched":0,"total":0,"unchecked":0,"uncheckedKeysByFile":[],"unmatched":0,"updated":0},"startTime":1780969726054,"success":true,"testResults":[{"assertionResults":[{"ancestorTitles":["User Model","User creation"],"duration":1670,"failing":false,"failureDetails":[],"failureMessages":[],"fullName":"User Model User creation should create a user with valid data","invocations":1,"location":null,"numPassingAsserts":4,"retryReasons":[],"startAt":1780969728251,"status":"passed","title":"should create a user with valid data"},{"ancestorTitles":["User Model","User creation"],"duration":1484,"failing":false,"failureDetails":[],"failureMessages":[],"fullName":"User Model User creation should hash password on creation","invocations":1,"location":null,"numPassingAsserts":2,"retryReasons":[],"startAt":1780969729923,"status":"passed","title":"should hash password on creation"},{"ancestorTitles":["User Model","User validation"],"duration":1275,"failing":false,"failureDetails":[],"failureMessages":[],"fullName":"User Model User validation should require username","invocations":1,"location":null,"numPassingAsserts":1,"retryReasons":[],"startAt":1780969731409,"status":"passed","title":"should require username"},{"ancestorTitles":["User Model","User validation"],"duration":1255,"failing":false,"failureDetails":[],"failureMessages":[],"fullName":"User Model User validation should require email","invocations":1,"location":null,"numPassingAsserts":1,"retryReasons":[],"startAt":1780969732686,"status":"passed","title":"should require email"},{"ancestorTitles":["User Model","User validation"],"duration":1298,"failing":false,"failureDetails":[],"failureMessages":[],"fullName":"User Model User validation should require password","invocations":1,"location":null,"numPassingAsserts":1,"retryReasons":[],"startAt":1780969733942,"status":"passed","title":"should require password"}],"endTime":1780969735243,"message":"","name":"D:\\Upwork project\\portugalstore.fr\\tests\\unit\\models\\User.test.js","startTime":1780969726151,"status":"passed","summary":""}],"wasInterrupted":false}
