{"numFailedTestSuites":1,"numFailedTests":2,"numPassedTestSuites":0,"numPassedTests":2,"numPendingTestSuites":0,"numPendingTests":0,"numRuntimeErrorTestSuites":1,"numTodoTests":0,"numTotalTestSuites":1,"numTotalTests":4,"openHandles":[],"snapshot":{"added":0,"didUpdate":false,"failure":false,"filesAdded":0,"filesRemoved":0,"filesRemovedList":[],"filesUnmatched":0,"filesUpdated":0,"matched":0,"total":0,"unchecked":0,"uncheckedKeysByFile":[],"unmatched":0,"updated":0},"startTime":1780970356381,"success":false,"testResults":[{"assertionResults":[{"ancestorTitles":["Auth Routes","POST /api/login"],"duration":2006,"failing":false,"failureDetails":[],"failureMessages":[],"fullName":"Auth Routes POST /api/login should login with valid credentials","invocations":1,"location":null,"numPassingAsserts":3,"retryReasons":[],"startAt":1780970364165,"status":"passed","title":"should login with valid credentials"},{"ancestorTitles":["Auth Routes","POST /api/login"],"duration":1502,"failing":false,"failureDetails":[{"matcherResult":{"expected":false,"message":"\u001b[2mexpect(\u001b[22m\u001b[31mreceived\u001b[39m\u001b[2m).\u001b[22mtoBe\u001b[2m(\u001b[22m\u001b[32mexpected\u001b[39m\u001b[2m) // Object.is equality\u001b[22m\n\nExpected: \u001b[32mfalse\u001b[39m\nReceived: \u001b[31mundefined\u001b[39m","name":"toBe","pass":false}}],"failureMessages":["Error: \u001b[2mexpect(\u001b[22m\u001b[31mreceived\u001b[39m\u001b[2m).\u001b[22mtoBe\u001b[2m(\u001b[22m\u001b[32mexpected\u001b[39m\u001b[2m) // Object.is equality\u001b[22m\n\nExpected: \u001b[32mfalse\u001b[39m\nReceived: \u001b[31mundefined\u001b[39m\n    at Object.toBe (D:\\Upwork project\\portugalstore.fr\\tests\\integration\\routes\\auth.test.js:36:37)\n    at processTicksAndRejections (node:internal/process/task_queues:104:5)"],"fullName":"Auth Routes POST /api/login should reject invalid credentials","invocations":1,"location":null,"numPassingAsserts":0,"retryReasons":[],"startAt":1780970366173,"status":"failed","title":"should reject invalid credentials"},{"ancestorTitles":["Auth Routes","POST /api/users/register"],"duration":1415,"failing":false,"failureDetails":[{}],"failureMessages":["Error: expected 201 \"Created\", got 400 \"Bad Request\"\n    at Object.expect (D:\\Upwork project\\portugalstore.fr\\tests\\integration\\routes\\auth.test.js:54:10)\n    at processTicksAndRejections (node:internal/process/task_queues:104:5)\n----\n    at Test._assertStatus (D:\\Upwork project\\portugalstore.fr\\node_modules\\supertest\\lib\\test.js:309:14)\n    at D:\\Upwork project\\portugalstore.fr\\node_modules\\supertest\\lib\\test.js:365:13\n    at Test._assertFunction (D:\\Upwork project\\portugalstore.fr\\node_modules\\supertest\\lib\\test.js:342:13)\n    at Test.assert (D:\\Upwork project\\portugalstore.fr\\node_modules\\supertest\\lib\\test.js:195:23)\n    at localAssert (D:\\Upwork project\\portugalstore.fr\\node_modules\\supertest\\lib\\test.js:138:14)\n    at Server.<anonymous> (D:\\Upwork project\\portugalstore.fr\\node_modules\\supertest\\lib\\test.js:152:11)\n    at Object.onceWrapper (node:events:622:28)\n    at Server.emit (node:events:508:20)\n    at emitCloseNT (node:net:2419:8)\n    at processTicksAndRejections (node:internal/process/task_queues:89:21)"],"fullName":"Auth Routes POST /api/users/register should register a new user","invocations":1,"location":null,"numPassingAsserts":0,"retryReasons":[],"startAt":1780970367677,"status":"failed","title":"should register a new user"},{"ancestorTitles":["Auth Routes","POST /api/users/register"],"duration":1626,"failing":false,"failureDetails":[],"failureMessages":[],"fullName":"Auth Routes POST /api/users/register should reject duplicate username","invocations":1,"location":null,"numPassingAsserts":1,"retryReasons":[],"startAt":1780970369093,"status":"passed","title":"should reject duplicate username"}],"coverage":{},"endTime":1780970370764,"message":"\u001b[1m\u001b[31m  \u001b[1m● \u001b[22m\u001b[1mAuth Routes › POST /api/login › should reject invalid credentials\u001b[39m\u001b[22m\n\n    \u001b[2mexpect(\u001b[22m\u001b[31mreceived\u001b[39m\u001b[2m).\u001b[22mtoBe\u001b[2m(\u001b[22m\u001b[32mexpected\u001b[39m\u001b[2m) // Object.is equality\u001b[22m\n\n    Expected: \u001b[32mfalse\u001b[39m\n    Received: \u001b[31mundefined\u001b[39m\n\u001b[2m\u001b[22m\n\u001b[2m    \u001b[0m \u001b[90m 34 |\u001b[39m         \u001b[33m.\u001b[39mexpect(\u001b[35m401\u001b[39m)\u001b[33m;\u001b[39m\u001b[22m\n\u001b[2m     \u001b[90m 35 |\u001b[39m\u001b[22m\n\u001b[2m    \u001b[31m\u001b[1m>\u001b[22m\u001b[2m\u001b[39m\u001b[90m 36 |\u001b[39m       expect(response\u001b[33m.\u001b[39mbody\u001b[33m.\u001b[39msuccess)\u001b[33m.\u001b[39mtoBe(\u001b[36mfalse\u001b[39m)\u001b[33m;\u001b[39m\u001b[22m\n\u001b[2m     \u001b[90m    |\u001b[39m                                     \u001b[31m\u001b[1m^\u001b[22m\u001b[2m\u001b[39m\u001b[22m\n\u001b[2m     \u001b[90m 37 |\u001b[39m       expect(response\u001b[33m.\u001b[39mbody\u001b[33m.\u001b[39merror)\u001b[33m.\u001b[39mtoMatch(\u001b[35m/invalid/i\u001b[39m)\u001b[33m;\u001b[39m\u001b[22m\n\u001b[2m     \u001b[90m 38 |\u001b[39m     })\u001b[33m;\u001b[39m\u001b[22m\n\u001b[2m     \u001b[90m 39 |\u001b[39m   })\u001b[33m;\u001b[39m\u001b[0m\u001b[22m\n\u001b[2m\u001b[22m\n\u001b[2m      \u001b[2mat Object.toBe (\u001b[22m\u001b[2m\u001b[0m\u001b[36mtests/integration/routes/auth.test.js\u001b[39m\u001b[0m\u001b[2m:36:37)\u001b[22m\u001b[2m\u001b[22m\n\n\u001b[1m\u001b[31m  \u001b[1m● \u001b[22m\u001b[1mAuth Routes › POST /api/users/register › should register a new user\u001b[39m\u001b[22m\n\n    expected 201 \"Created\", got 400 \"Bad Request\"\n\u001b[2m\u001b[22m\n\u001b[2m    \u001b[0m \u001b[90m 52 |\u001b[39m           country\u001b[33m:\u001b[39m \u001b[32m'Portugal'\u001b[39m\u001b[33m,\u001b[39m\u001b[22m\n\u001b[2m     \u001b[90m 53 |\u001b[39m         })\u001b[22m\n\u001b[2m    \u001b[31m\u001b[1m>\u001b[22m\u001b[2m\u001b[39m\u001b[90m 54 |\u001b[39m         \u001b[33m.\u001b[39mexpect(\u001b[35m201\u001b[39m)\u001b[33m;\u001b[39m\u001b[22m\n\u001b[2m     \u001b[90m    |\u001b[39m          \u001b[31m\u001b[1m^\u001b[22m\u001b[2m\u001b[39m\u001b[22m\n\u001b[2m     \u001b[90m 55 |\u001b[39m\u001b[22m\n\u001b[2m     \u001b[90m 56 |\u001b[39m       expect(response\u001b[33m.\u001b[39mbody\u001b[33m.\u001b[39msuccess)\u001b[33m.\u001b[39mtoBe(\u001b[36mtrue\u001b[39m)\u001b[33m;\u001b[39m\u001b[22m\n\u001b[2m     \u001b[90m 57 |\u001b[39m       expect(response\u001b[33m.\u001b[39mbody\u001b[33m.\u001b[39muser\u001b[33m.\u001b[39musername)\u001b[33m.\u001b[39mtoBe(\u001b[32m'newuser'\u001b[39m)\u001b[33m;\u001b[39m\u001b[0m\u001b[22m\n\u001b[2m\u001b[22m\n\u001b[2m      \u001b[2mat Object.expect (\u001b[22m\u001b[2m\u001b[0m\u001b[36mtests/integration/routes/auth.test.js\u001b[39m\u001b[0m\u001b[2m:54:10)\u001b[22m\u001b[2m\u001b[22m\n\u001b[2m      ----\u001b[22m\n\u001b[2m      \u001b[2mat Test._assertStatus (\u001b[22m\u001b[2mnode_modules/supertest/lib/test.js\u001b[2m:309:14)\u001b[22m\u001b[2m\u001b[22m\n\u001b[2m      \u001b[2mat \u001b[22m\u001b[2mnode_modules/supertest/lib/test.js\u001b[2m:365:13\u001b[22m\u001b[2m\u001b[22m\n\u001b[2m      \u001b[2mat Test._assertFunction (\u001b[22m\u001b[2mnode_modules/supertest/lib/test.js\u001b[2m:342:13)\u001b[22m\u001b[2m\u001b[22m\n\u001b[2m      \u001b[2mat Test.assert (\u001b[22m\u001b[2mnode_modules/supertest/lib/test.js\u001b[2m:195:23)\u001b[22m\u001b[2m\u001b[22m\n\u001b[2m      \u001b[2mat localAssert (\u001b[22m\u001b[2mnode_modules/supertest/lib/test.js\u001b[2m:138:14)\u001b[22m\u001b[2m\u001b[22m\n\u001b[2m      \u001b[2mat Server.<anonymous> (\u001b[22m\u001b[2mnode_modules/supertest/lib/test.js\u001b[2m:152:11)\u001b[22m\u001b[2m\u001b[22m\n\n\n  \u001b[1m● \u001b[22mTest suite failed to run\n\n    Can't add new command when connection is in closed state\n\n    \u001b[0m \u001b[90m 27 |\u001b[39m   \u001b[90m// Close database connection\u001b[39m\n     \u001b[90m 28 |\u001b[39m   \u001b[36mif\u001b[39m (global\u001b[33m.\u001b[39mdb \u001b[33m&&\u001b[39m global\u001b[33m.\u001b[39mdb\u001b[33m.\u001b[39mpool) {\n    \u001b[31m\u001b[1m>\u001b[22m\u001b[39m\u001b[90m 29 |\u001b[39m     \u001b[36mawait\u001b[39m global\u001b[33m.\u001b[39mdb\u001b[33m.\u001b[39mpool\u001b[33m.\u001b[39mend()\u001b[33m;\u001b[39m\n     \u001b[90m    |\u001b[39m                          \u001b[31m\u001b[1m^\u001b[22m\u001b[39m\n     \u001b[90m 30 |\u001b[39m   }\n     \u001b[90m 31 |\u001b[39m })\u001b[33m;\u001b[39m\n     \u001b[90m 32 |\u001b[39m\u001b[0m\n\n      \u001b[2mat Proxy.end (\u001b[22mnode_modules/mysql2/lib/promise/pool.js\u001b[2m:72:22)\u001b[22m\n      \u001b[2mat Object.end (\u001b[22mtests/setup/testApp.js\u001b[2m:29:26)\u001b[22m\n","name":"D:\\Upwork project\\portugalstore.fr\\tests\\integration\\routes\\auth.test.js","startTime":1780970370764,"status":"failed","summary":""}],"wasInterrupted":false}
