{"numFailedTestSuites":3,"numFailedTests":8,"numPassedTestSuites":1,"numPassedTests":5,"numPendingTestSuites":0,"numPendingTests":0,"numRuntimeErrorTestSuites":3,"numTodoTests":0,"numTotalTestSuites":4,"numTotalTests":13,"openHandles":[],"snapshot":{"added":0,"didUpdate":false,"failure":false,"filesAdded":0,"filesRemoved":0,"filesRemovedList":[],"filesUnmatched":0,"filesUpdated":0,"matched":0,"total":0,"unchecked":0,"uncheckedKeysByFile":[],"unmatched":0,"updated":0},"startTime":1780969883199,"success":false,"testResults":[{"assertionResults":[{"ancestorTitles":["E2E: User Registration and Login Flow"],"duration":1491,"failing":false,"failureDetails":[{}],"failureMessages":["Error: expected 201 \"Created\", got 500 \"Internal Server Error\"\n    at Object.expect (D:\\Upwork project\\portugalstore.fr\\tests\\e2e\\userFlows.test.js:22:8)\n    at processTicksAndRejections (node:internal/process/task_queues:104:5)\n----\n    at Test._assertStatus (D:\\Upwork project\\portugalstore.fr\\node_modules\\supertest\\lib\\test.js:309:14)\n    at D:\\Upwork project\\portugalstore.fr\\node_modules\\supertest\\lib\\test.js:365:13\n    at Test._assertFunction (D:\\Upwork project\\portugalstore.fr\\node_modules\\supertest\\lib\\test.js:342:13)\n    at Test.assert (D:\\Upwork project\\portugalstore.fr\\node_modules\\supertest\\lib\\test.js:195:23)\n    at localAssert (D:\\Upwork project\\portugalstore.fr\\node_modules\\supertest\\lib\\test.js:138:14)\n    at Server.<anonymous> (D:\\Upwork project\\portugalstore.fr\\node_modules\\supertest\\lib\\test.js:152:11)\n    at Object.onceWrapper (node:events:622:28)\n    at Server.emit (node:events:508:20)\n    at emitCloseNT (node:net:2419:8)\n    at processTicksAndRejections (node:internal/process/task_queues:89:21)"],"fullName":"E2E: User Registration and Login Flow should allow user to register, login, and access protected route","invocations":1,"location":null,"numPassingAsserts":0,"retryReasons":[],"startAt":1780969887200,"status":"failed","title":"should allow user to register, login, and access protected route"},{"ancestorTitles":["E2E: Cart and Checkout Flow"],"duration":966,"failing":false,"failureDetails":[{}],"failureMessages":["Error: expected 200 \"OK\", got 401 \"Unauthorized\"\n    at Object.expect (D:\\Upwork project\\portugalstore.fr\\tests\\e2e\\userFlows.test.js:73:8)\n    at Promise.finally.completed (D:\\Upwork project\\portugalstore.fr\\node_modules\\jest-circus\\build\\jestAdapterInit.js:1557:28)\n    at new Promise (<anonymous>)\n    at callAsyncCircusFn (D:\\Upwork project\\portugalstore.fr\\node_modules\\jest-circus\\build\\jestAdapterInit.js:1497:10)\n    at _callCircusTest (D:\\Upwork project\\portugalstore.fr\\node_modules\\jest-circus\\build\\jestAdapterInit.js:1007:40)\n    at processTicksAndRejections (node:internal/process/task_queues:104:5)\n    at _runTest (D:\\Upwork project\\portugalstore.fr\\node_modules\\jest-circus\\build\\jestAdapterInit.js:947:3)\n    at D:\\Upwork project\\portugalstore.fr\\node_modules\\jest-circus\\build\\jestAdapterInit.js:849:7\n    at _runTestsForDescribeBlock (D:\\Upwork project\\portugalstore.fr\\node_modules\\jest-circus\\build\\jestAdapterInit.js:862:11)\n    at _runTestsForDescribeBlock (D:\\Upwork project\\portugalstore.fr\\node_modules\\jest-circus\\build\\jestAdapterInit.js:857:11)\n    at run (D:\\Upwork project\\portugalstore.fr\\node_modules\\jest-circus\\build\\jestAdapterInit.js:761:3)\n    at runAndTransformResultsToJestFormat (D:\\Upwork project\\portugalstore.fr\\node_modules\\jest-circus\\build\\jestAdapterInit.js:1918:21)\n    at jestAdapter (D:\\Upwork project\\portugalstore.fr\\node_modules\\jest-circus\\build\\runner.js:101:19)\n    at runTestInternal (D:\\Upwork project\\portugalstore.fr\\node_modules\\jest-runner\\build\\index.js:275:16)\n    at runTest (D:\\Upwork project\\portugalstore.fr\\node_modules\\jest-runner\\build\\index.js:343:7)\n----\n    at Test._assertStatus (D:\\Upwork project\\portugalstore.fr\\node_modules\\supertest\\lib\\test.js:309:14)\n    at D:\\Upwork project\\portugalstore.fr\\node_modules\\supertest\\lib\\test.js:365:13\n    at Test._assertFunction (D:\\Upwork project\\portugalstore.fr\\node_modules\\supertest\\lib\\test.js:342:13)\n    at Test.assert (D:\\Upwork project\\portugalstore.fr\\node_modules\\supertest\\lib\\test.js:195:23)\n    at localAssert (D:\\Upwork project\\portugalstore.fr\\node_modules\\supertest\\lib\\test.js:138:14)\n    at Server.<anonymous> (D:\\Upwork project\\portugalstore.fr\\node_modules\\supertest\\lib\\test.js:152:11)\n    at Object.onceWrapper (node:events:622:28)\n    at Server.emit (node:events:508:20)\n    at emitCloseNT (node:net:2419:8)\n    at processTicksAndRejections (node:internal/process/task_queues:89:21)"],"fullName":"E2E: Cart and Checkout Flow should add to cart and checkout","invocations":1,"location":null,"numPassingAsserts":0,"retryReasons":[],"startAt":1780969888695,"status":"failed","title":"should add to cart and checkout"}],"coverage":{},"endTime":1780969916725,"message":"\u001b[1m\u001b[31m  \u001b[1m● \u001b[22m\u001b[1mE2E: User Registration and Login Flow › should allow user to register, login, and access protected route\u001b[39m\u001b[22m\n\n    expected 201 \"Created\", got 500 \"Internal Server Error\"\n\u001b[2m\u001b[22m\n\u001b[2m    \u001b[0m \u001b[90m 20 |\u001b[39m         country\u001b[33m:\u001b[39m \u001b[32m'Portugal'\u001b[39m\u001b[33m,\u001b[39m\u001b[22m\n\u001b[2m     \u001b[90m 21 |\u001b[39m       })\u001b[22m\n\u001b[2m    \u001b[31m\u001b[1m>\u001b[22m\u001b[2m\u001b[39m\u001b[90m 22 |\u001b[39m       \u001b[33m.\u001b[39mexpect(\u001b[35m201\u001b[39m)\u001b[33m;\u001b[39m\u001b[22m\n\u001b[2m     \u001b[90m    |\u001b[39m        \u001b[31m\u001b[1m^\u001b[22m\u001b[2m\u001b[39m\u001b[22m\n\u001b[2m     \u001b[90m 23 |\u001b[39m\u001b[22m\n\u001b[2m     \u001b[90m 24 |\u001b[39m     expect(registerResponse\u001b[33m.\u001b[39mbody\u001b[33m.\u001b[39msuccess)\u001b[33m.\u001b[39mtoBe(\u001b[36mtrue\u001b[39m)\u001b[33m;\u001b[39m\u001b[22m\n\u001b[2m     \u001b[90m 25 |\u001b[39m\u001b[0m\u001b[22m\n\u001b[2m\u001b[22m\n\u001b[2m      \u001b[2mat Object.expect (\u001b[22m\u001b[2m\u001b[0m\u001b[36mtests/e2e/userFlows.test.js\u001b[39m\u001b[0m\u001b[2m:22:8)\u001b[22m\u001b[2m\u001b[22m\n\u001b[2m      ----\u001b[22m\n\u001b[2m      \u001b[2mat Test._assertStatus (\u001b[22m\u001b[2mnode_modules/supertest/lib/test.js\u001b[2m:309:14)\u001b[22m\u001b[2m\u001b[22m\n\u001b[2m      \u001b[2mat \u001b[22m\u001b[2mnode_modules/supertest/lib/test.js\u001b[2m:365:13\u001b[22m\u001b[2m\u001b[22m\n\u001b[2m      \u001b[2mat Test._assertFunction (\u001b[22m\u001b[2mnode_modules/supertest/lib/test.js\u001b[2m:342:13)\u001b[22m\u001b[2m\u001b[22m\n\u001b[2m      \u001b[2mat Test.assert (\u001b[22m\u001b[2mnode_modules/supertest/lib/test.js\u001b[2m:195:23)\u001b[22m\u001b[2m\u001b[22m\n\u001b[2m      \u001b[2mat localAssert (\u001b[22m\u001b[2mnode_modules/supertest/lib/test.js\u001b[2m:138:14)\u001b[22m\u001b[2m\u001b[22m\n\u001b[2m      \u001b[2mat Server.<anonymous> (\u001b[22m\u001b[2mnode_modules/supertest/lib/test.js\u001b[2m:152:11)\u001b[22m\u001b[2m\u001b[22m\n\n\u001b[1m\u001b[31m  \u001b[1m● \u001b[22m\u001b[1mE2E: Cart and Checkout Flow › should add to cart and checkout\u001b[39m\u001b[22m\n\n    expected 200 \"OK\", got 401 \"Unauthorized\"\n\u001b[2m\u001b[22m\n\u001b[2m    \u001b[0m \u001b[90m 71 |\u001b[39m         quantity\u001b[33m:\u001b[39m \u001b[35m1\u001b[39m\u001b[33m,\u001b[39m\u001b[22m\n\u001b[2m     \u001b[90m 72 |\u001b[39m       })\u001b[22m\n\u001b[2m    \u001b[31m\u001b[1m>\u001b[22m\u001b[2m\u001b[39m\u001b[90m 73 |\u001b[39m       \u001b[33m.\u001b[39mexpect(\u001b[35m200\u001b[39m)\u001b[33m;\u001b[39m\u001b[22m\n\u001b[2m     \u001b[90m    |\u001b[39m        \u001b[31m\u001b[1m^\u001b[22m\u001b[2m\u001b[39m\u001b[22m\n\u001b[2m     \u001b[90m 74 |\u001b[39m\u001b[22m\n\u001b[2m     \u001b[90m 75 |\u001b[39m     \u001b[90m// Get cart\u001b[39m\u001b[22m\n\u001b[2m     \u001b[90m 76 |\u001b[39m     \u001b[36mconst\u001b[39m cartResponse \u001b[33m=\u001b[39m \u001b[36mawait\u001b[39m request()\u001b[0m\u001b[22m\n\u001b[2m\u001b[22m\n\u001b[2m      \u001b[2mat Object.expect (\u001b[22m\u001b[2m\u001b[0m\u001b[36mtests/e2e/userFlows.test.js\u001b[39m\u001b[0m\u001b[2m:73:8)\u001b[22m\u001b[2m\u001b[22m\n\u001b[2m      ----\u001b[22m\n\u001b[2m      \u001b[2mat Test._assertStatus (\u001b[22m\u001b[2mnode_modules/supertest/lib/test.js\u001b[2m:309:14)\u001b[22m\u001b[2m\u001b[22m\n\u001b[2m      \u001b[2mat \u001b[22m\u001b[2mnode_modules/supertest/lib/test.js\u001b[2m:365:13\u001b[22m\u001b[2m\u001b[22m\n\u001b[2m      \u001b[2mat Test._assertFunction (\u001b[22m\u001b[2mnode_modules/supertest/lib/test.js\u001b[2m:342:13)\u001b[22m\u001b[2m\u001b[22m\n\u001b[2m      \u001b[2mat Test.assert (\u001b[22m\u001b[2mnode_modules/supertest/lib/test.js\u001b[2m:195:23)\u001b[22m\u001b[2m\u001b[22m\n\u001b[2m      \u001b[2mat localAssert (\u001b[22m\u001b[2mnode_modules/supertest/lib/test.js\u001b[2m:138:14)\u001b[22m\u001b[2m\u001b[22m\n\u001b[2m      \u001b[2mat Server.<anonymous> (\u001b[22m\u001b[2mnode_modules/supertest/lib/test.js\u001b[2m:152:11)\u001b[22m\u001b[2m\u001b[22m\n\n\n  \u001b[1m● \u001b[22mTest suite failed to run\n\n    Can't add new command when connection is in closed state\n\n    \u001b[0m \u001b[90m 22 |\u001b[39m   \u001b[90m// Close database connection\u001b[39m\n     \u001b[90m 23 |\u001b[39m   \u001b[36mif\u001b[39m (global\u001b[33m.\u001b[39mdb \u001b[33m&&\u001b[39m global\u001b[33m.\u001b[39mdb\u001b[33m.\u001b[39mpool) {\n    \u001b[31m\u001b[1m>\u001b[22m\u001b[39m\u001b[90m 24 |\u001b[39m     \u001b[36mawait\u001b[39m global\u001b[33m.\u001b[39mdb\u001b[33m.\u001b[39mpool\u001b[33m.\u001b[39mend()\u001b[33m;\u001b[39m\n     \u001b[90m    |\u001b[39m                          \u001b[31m\u001b[1m^\u001b[22m\u001b[39m\n     \u001b[90m 25 |\u001b[39m   }\n     \u001b[90m 26 |\u001b[39m })\u001b[33m;\u001b[39m\n     \u001b[90m 27 |\u001b[39m\u001b[0m\n\n      \u001b[2mat Proxy.end (\u001b[22mnode_modules/mysql2/lib/promise/pool.js\u001b[2m:72:22)\u001b[22m\n      \u001b[2mat Object.end (\u001b[22mtests/setup/testApp.js\u001b[2m:24:26)\u001b[22m\n","name":"D:\\Upwork project\\portugalstore.fr\\tests\\e2e\\userFlows.test.js","startTime":1780969916725,"status":"failed","summary":""},{"assertionResults":[{"ancestorTitles":["Auth Routes","POST /api/login"],"duration":1761,"failing":false,"failureDetails":[{}],"failureMessages":["Error: expected 200 \"OK\", got 500 \"Internal Server Error\"\n    at Object.expect (D:\\Upwork project\\portugalstore.fr\\tests\\integration\\routes\\auth.test.js:20:10)\n    at processTicksAndRejections (node:internal/process/task_queues:104:5)\n----\n    at Test._assertStatus (D:\\Upwork project\\portugalstore.fr\\node_modules\\supertest\\lib\\test.js:309:14)\n    at D:\\Upwork project\\portugalstore.fr\\node_modules\\supertest\\lib\\test.js:365:13\n    at Test._assertFunction (D:\\Upwork project\\portugalstore.fr\\node_modules\\supertest\\lib\\test.js:342:13)\n    at Test.assert (D:\\Upwork project\\portugalstore.fr\\node_modules\\supertest\\lib\\test.js:195:23)\n    at localAssert (D:\\Upwork project\\portugalstore.fr\\node_modules\\supertest\\lib\\test.js:138:14)\n    at Server.<anonymous> (D:\\Upwork project\\portugalstore.fr\\node_modules\\supertest\\lib\\test.js:152:11)\n    at Object.onceWrapper (node:events:622:28)\n    at Server.emit (node:events:508:20)\n    at emitCloseNT (node:net:2419:8)\n    at processTicksAndRejections (node:internal/process/task_queues:89:21)"],"fullName":"Auth Routes POST /api/login should login with valid credentials","invocations":1,"location":null,"numPassingAsserts":0,"retryReasons":[],"startAt":1780969891658,"status":"failed","title":"should login with valid credentials"},{"ancestorTitles":["Auth Routes","POST /api/login"],"duration":1436,"failing":false,"failureDetails":[{}],"failureMessages":["Error: expected 401 \"Unauthorized\", got 500 \"Internal Server Error\"\n    at Object.expect (D:\\Upwork project\\portugalstore.fr\\tests\\integration\\routes\\auth.test.js:34:10)\n    at processTicksAndRejections (node:internal/process/task_queues:104:5)\n----\n    at Test._assertStatus (D:\\Upwork project\\portugalstore.fr\\node_modules\\supertest\\lib\\test.js:309:14)\n    at D:\\Upwork project\\portugalstore.fr\\node_modules\\supertest\\lib\\test.js:365:13\n    at Test._assertFunction (D:\\Upwork project\\portugalstore.fr\\node_modules\\supertest\\lib\\test.js:342:13)\n    at Test.assert (D:\\Upwork project\\portugalstore.fr\\node_modules\\supertest\\lib\\test.js:195:23)\n    at localAssert (D:\\Upwork project\\portugalstore.fr\\node_modules\\supertest\\lib\\test.js:138:14)\n    at Server.<anonymous> (D:\\Upwork project\\portugalstore.fr\\node_modules\\supertest\\lib\\test.js:152:11)\n    at Object.onceWrapper (node:events:622:28)\n    at Server.emit (node:events:508:20)\n    at emitCloseNT (node:net:2419:8)\n    at processTicksAndRejections (node:internal/process/task_queues:89:21)"],"fullName":"Auth Routes POST /api/login should reject invalid credentials","invocations":1,"location":null,"numPassingAsserts":0,"retryReasons":[],"startAt":1780969893420,"status":"failed","title":"should reject invalid credentials"},{"ancestorTitles":["Auth Routes","POST /api/users/register"],"duration":1521,"failing":false,"failureDetails":[{}],"failureMessages":["Error: expected 201 \"Created\", got 500 \"Internal Server Error\"\n    at Object.expect (D:\\Upwork project\\portugalstore.fr\\tests\\integration\\routes\\auth.test.js:54:10)\n    at processTicksAndRejections (node:internal/process/task_queues:104:5)\n----\n    at Test._assertStatus (D:\\Upwork project\\portugalstore.fr\\node_modules\\supertest\\lib\\test.js:309:14)\n    at D:\\Upwork project\\portugalstore.fr\\node_modules\\supertest\\lib\\test.js:365:13\n    at Test._assertFunction (D:\\Upwork project\\portugalstore.fr\\node_modules\\supertest\\lib\\test.js:342:13)\n    at Test.assert (D:\\Upwork project\\portugalstore.fr\\node_modules\\supertest\\lib\\test.js:195:23)\n    at localAssert (D:\\Upwork project\\portugalstore.fr\\node_modules\\supertest\\lib\\test.js:138:14)\n    at Server.<anonymous> (D:\\Upwork project\\portugalstore.fr\\node_modules\\supertest\\lib\\test.js:152:11)\n    at Object.onceWrapper (node:events:622:28)\n    at Server.emit (node:events:508:20)\n    at emitCloseNT (node:net:2419:8)\n    at processTicksAndRejections (node:internal/process/task_queues:89:21)"],"fullName":"Auth Routes POST /api/users/register should register a new user","invocations":1,"location":null,"numPassingAsserts":0,"retryReasons":[],"startAt":1780969894857,"status":"failed","title":"should register a new user"},{"ancestorTitles":["Auth Routes","POST /api/users/register"],"duration":1731,"failing":false,"failureDetails":[{}],"failureMessages":["Error: expected 400 \"Bad Request\", got 500 \"Internal Server Error\"\n    at Object.expect (D:\\Upwork project\\portugalstore.fr\\tests\\integration\\routes\\auth.test.js:74:10)\n    at processTicksAndRejections (node:internal/process/task_queues:104:5)\n----\n    at Test._assertStatus (D:\\Upwork project\\portugalstore.fr\\node_modules\\supertest\\lib\\test.js:309:14)\n    at D:\\Upwork project\\portugalstore.fr\\node_modules\\supertest\\lib\\test.js:365:13\n    at Test._assertFunction (D:\\Upwork project\\portugalstore.fr\\node_modules\\supertest\\lib\\test.js:342:13)\n    at Test.assert (D:\\Upwork project\\portugalstore.fr\\node_modules\\supertest\\lib\\test.js:195:23)\n    at localAssert (D:\\Upwork project\\portugalstore.fr\\node_modules\\supertest\\lib\\test.js:138:14)\n    at Server.<anonymous> (D:\\Upwork project\\portugalstore.fr\\node_modules\\supertest\\lib\\test.js:152:11)\n    at Object.onceWrapper (node:events:622:28)\n    at Server.emit (node:events:508:20)\n    at emitCloseNT (node:net:2419:8)\n    at processTicksAndRejections (node:internal/process/task_queues:89:21)"],"fullName":"Auth Routes POST /api/users/register should reject duplicate username","invocations":1,"location":null,"numPassingAsserts":0,"retryReasons":[],"startAt":1780969896379,"status":"failed","title":"should reject duplicate username"}],"coverage":{},"endTime":1780969916725,"message":"\u001b[1m\u001b[31m  \u001b[1m● \u001b[22m\u001b[1mAuth Routes › POST /api/login › should login with valid credentials\u001b[39m\u001b[22m\n\n    expected 200 \"OK\", got 500 \"Internal Server Error\"\n\u001b[2m\u001b[22m\n\u001b[2m    \u001b[0m \u001b[90m 18 |\u001b[39m         \u001b[33m.\u001b[39m\u001b[36mset\u001b[39m(\u001b[32m'x-csrf-token'\u001b[39m\u001b[33m,\u001b[39m csrfToken)\u001b[22m\n\u001b[2m     \u001b[90m 19 |\u001b[39m         \u001b[33m.\u001b[39msend({ username\u001b[33m:\u001b[39m \u001b[32m'admin'\u001b[39m\u001b[33m,\u001b[39m password\u001b[33m:\u001b[39m \u001b[32m'admin123'\u001b[39m })\u001b[22m\n\u001b[2m    \u001b[31m\u001b[1m>\u001b[22m\u001b[2m\u001b[39m\u001b[90m 20 |\u001b[39m         \u001b[33m.\u001b[39mexpect(\u001b[35m200\u001b[39m)\u001b[33m;\u001b[39m\u001b[22m\n\u001b[2m     \u001b[90m    |\u001b[39m          \u001b[31m\u001b[1m^\u001b[22m\u001b[2m\u001b[39m\u001b[22m\n\u001b[2m     \u001b[90m 21 |\u001b[39m\u001b[22m\n\u001b[2m     \u001b[90m 22 |\u001b[39m       expect(response\u001b[33m.\u001b[39mbody\u001b[33m.\u001b[39msuccess)\u001b[33m.\u001b[39mtoBe(\u001b[36mtrue\u001b[39m)\u001b[33m;\u001b[39m\u001b[22m\n\u001b[2m     \u001b[90m 23 |\u001b[39m       expect(response\u001b[33m.\u001b[39mbody\u001b[33m.\u001b[39mtoken)\u001b[33m.\u001b[39mtoBeDefined()\u001b[33m;\u001b[39m\u001b[0m\u001b[22m\n\u001b[2m\u001b[22m\n\u001b[2m      \u001b[2mat Object.expect (\u001b[22m\u001b[2m\u001b[0m\u001b[36mtests/integration/routes/auth.test.js\u001b[39m\u001b[0m\u001b[2m:20:10)\u001b[22m\u001b[2m\u001b[22m\n\u001b[2m      ----\u001b[22m\n\u001b[2m      \u001b[2mat Test._assertStatus (\u001b[22m\u001b[2mnode_modules/supertest/lib/test.js\u001b[2m:309:14)\u001b[22m\u001b[2m\u001b[22m\n\u001b[2m      \u001b[2mat \u001b[22m\u001b[2mnode_modules/supertest/lib/test.js\u001b[2m:365:13\u001b[22m\u001b[2m\u001b[22m\n\u001b[2m      \u001b[2mat Test._assertFunction (\u001b[22m\u001b[2mnode_modules/supertest/lib/test.js\u001b[2m:342:13)\u001b[22m\u001b[2m\u001b[22m\n\u001b[2m      \u001b[2mat Test.assert (\u001b[22m\u001b[2mnode_modules/supertest/lib/test.js\u001b[2m:195:23)\u001b[22m\u001b[2m\u001b[22m\n\u001b[2m      \u001b[2mat localAssert (\u001b[22m\u001b[2mnode_modules/supertest/lib/test.js\u001b[2m:138:14)\u001b[22m\u001b[2m\u001b[22m\n\u001b[2m      \u001b[2mat Server.<anonymous> (\u001b[22m\u001b[2mnode_modules/supertest/lib/test.js\u001b[2m:152:11)\u001b[22m\u001b[2m\u001b[22m\n\n\u001b[1m\u001b[31m  \u001b[1m● \u001b[22m\u001b[1mAuth Routes › POST /api/login › should reject invalid credentials\u001b[39m\u001b[22m\n\n    expected 401 \"Unauthorized\", got 500 \"Internal Server Error\"\n\u001b[2m\u001b[22m\n\u001b[2m    \u001b[0m \u001b[90m 32 |\u001b[39m         \u001b[33m.\u001b[39m\u001b[36mset\u001b[39m(\u001b[32m'x-csrf-token'\u001b[39m\u001b[33m,\u001b[39m csrfToken)\u001b[22m\n\u001b[2m     \u001b[90m 33 |\u001b[39m         \u001b[33m.\u001b[39msend({ username\u001b[33m:\u001b[39m \u001b[32m'admin'\u001b[39m\u001b[33m,\u001b[39m password\u001b[33m:\u001b[39m \u001b[32m'wrongpassword'\u001b[39m })\u001b[22m\n\u001b[2m    \u001b[31m\u001b[1m>\u001b[22m\u001b[2m\u001b[39m\u001b[90m 34 |\u001b[39m         \u001b[33m.\u001b[39mexpect(\u001b[35m401\u001b[39m)\u001b[33m;\u001b[39m\u001b[22m\n\u001b[2m     \u001b[90m    |\u001b[39m          \u001b[31m\u001b[1m^\u001b[22m\u001b[2m\u001b[39m\u001b[22m\n\u001b[2m     \u001b[90m 35 |\u001b[39m\u001b[22m\n\u001b[2m     \u001b[90m 36 |\u001b[39m       expect(response\u001b[33m.\u001b[39mbody\u001b[33m.\u001b[39msuccess)\u001b[33m.\u001b[39mtoBe(\u001b[36mfalse\u001b[39m)\u001b[33m;\u001b[39m\u001b[22m\n\u001b[2m     \u001b[90m 37 |\u001b[39m       expect(response\u001b[33m.\u001b[39mbody\u001b[33m.\u001b[39merror)\u001b[33m.\u001b[39mtoMatch(\u001b[35m/invalid/i\u001b[39m)\u001b[33m;\u001b[39m\u001b[0m\u001b[22m\n\u001b[2m\u001b[22m\n\u001b[2m      \u001b[2mat Object.expect (\u001b[22m\u001b[2m\u001b[0m\u001b[36mtests/integration/routes/auth.test.js\u001b[39m\u001b[0m\u001b[2m:34:10)\u001b[22m\u001b[2m\u001b[22m\n\u001b[2m      ----\u001b[22m\n\u001b[2m      \u001b[2mat Test._assertStatus (\u001b[22m\u001b[2mnode_modules/supertest/lib/test.js\u001b[2m:309:14)\u001b[22m\u001b[2m\u001b[22m\n\u001b[2m      \u001b[2mat \u001b[22m\u001b[2mnode_modules/supertest/lib/test.js\u001b[2m:365:13\u001b[22m\u001b[2m\u001b[22m\n\u001b[2m      \u001b[2mat Test._assertFunction (\u001b[22m\u001b[2mnode_modules/supertest/lib/test.js\u001b[2m:342:13)\u001b[22m\u001b[2m\u001b[22m\n\u001b[2m      \u001b[2mat Test.assert (\u001b[22m\u001b[2mnode_modules/supertest/lib/test.js\u001b[2m:195:23)\u001b[22m\u001b[2m\u001b[22m\n\u001b[2m      \u001b[2mat localAssert (\u001b[22m\u001b[2mnode_modules/supertest/lib/test.js\u001b[2m:138:14)\u001b[22m\u001b[2m\u001b[22m\n\u001b[2m      \u001b[2mat Server.<anonymous> (\u001b[22m\u001b[2mnode_modules/supertest/lib/test.js\u001b[2m:152:11)\u001b[22m\u001b[2m\u001b[22m\n\n\u001b[1m\u001b[31m  \u001b[1m● \u001b[22m\u001b[1mAuth Routes › POST /api/users/register › should register a new user\u001b[39m\u001b[22m\n\n    expected 201 \"Created\", got 500 \"Internal Server Error\"\n\u001b[2m\u001b[22m\n\u001b[2m    \u001b[0m \u001b[90m 52 |\u001b[39m           country\u001b[33m:\u001b[39m \u001b[32m'Portugal'\u001b[39m\u001b[33m,\u001b[39m\u001b[22m\n\u001b[2m     \u001b[90m 53 |\u001b[39m         })\u001b[22m\n\u001b[2m    \u001b[31m\u001b[1m>\u001b[22m\u001b[2m\u001b[39m\u001b[90m 54 |\u001b[39m         \u001b[33m.\u001b[39mexpect(\u001b[35m201\u001b[39m)\u001b[33m;\u001b[39m\u001b[22m\n\u001b[2m     \u001b[90m    |\u001b[39m          \u001b[31m\u001b[1m^\u001b[22m\u001b[2m\u001b[39m\u001b[22m\n\u001b[2m     \u001b[90m 55 |\u001b[39m\u001b[22m\n\u001b[2m     \u001b[90m 56 |\u001b[39m       expect(response\u001b[33m.\u001b[39mbody\u001b[33m.\u001b[39msuccess)\u001b[33m.\u001b[39mtoBe(\u001b[36mtrue\u001b[39m)\u001b[33m;\u001b[39m\u001b[22m\n\u001b[2m     \u001b[90m 57 |\u001b[39m       expect(response\u001b[33m.\u001b[39mbody\u001b[33m.\u001b[39muser\u001b[33m.\u001b[39musername)\u001b[33m.\u001b[39mtoBe(\u001b[32m'newuser'\u001b[39m)\u001b[33m;\u001b[39m\u001b[0m\u001b[22m\n\u001b[2m\u001b[22m\n\u001b[2m      \u001b[2mat Object.expect (\u001b[22m\u001b[2m\u001b[0m\u001b[36mtests/integration/routes/auth.test.js\u001b[39m\u001b[0m\u001b[2m:54:10)\u001b[22m\u001b[2m\u001b[22m\n\u001b[2m      ----\u001b[22m\n\u001b[2m      \u001b[2mat Test._assertStatus (\u001b[22m\u001b[2mnode_modules/supertest/lib/test.js\u001b[2m:309:14)\u001b[22m\u001b[2m\u001b[22m\n\u001b[2m      \u001b[2mat \u001b[22m\u001b[2mnode_modules/supertest/lib/test.js\u001b[2m:365:13\u001b[22m\u001b[2m\u001b[22m\n\u001b[2m      \u001b[2mat Test._assertFunction (\u001b[22m\u001b[2mnode_modules/supertest/lib/test.js\u001b[2m:342:13)\u001b[22m\u001b[2m\u001b[22m\n\u001b[2m      \u001b[2mat Test.assert (\u001b[22m\u001b[2mnode_modules/supertest/lib/test.js\u001b[2m:195:23)\u001b[22m\u001b[2m\u001b[22m\n\u001b[2m      \u001b[2mat localAssert (\u001b[22m\u001b[2mnode_modules/supertest/lib/test.js\u001b[2m:138:14)\u001b[22m\u001b[2m\u001b[22m\n\u001b[2m      \u001b[2mat Server.<anonymous> (\u001b[22m\u001b[2mnode_modules/supertest/lib/test.js\u001b[2m:152:11)\u001b[22m\u001b[2m\u001b[22m\n\n\u001b[1m\u001b[31m  \u001b[1m● \u001b[22m\u001b[1mAuth Routes › POST /api/users/register › should reject duplicate username\u001b[39m\u001b[22m\n\n    expected 400 \"Bad Request\", got 500 \"Internal Server Error\"\n\u001b[2m\u001b[22m\n\u001b[2m    \u001b[0m \u001b[90m 72 |\u001b[39m           country\u001b[33m:\u001b[39m \u001b[32m'Portugal'\u001b[39m\u001b[33m,\u001b[39m\u001b[22m\n\u001b[2m     \u001b[90m 73 |\u001b[39m         })\u001b[22m\n\u001b[2m    \u001b[31m\u001b[1m>\u001b[22m\u001b[2m\u001b[39m\u001b[90m 74 |\u001b[39m         \u001b[33m.\u001b[39mexpect(\u001b[35m400\u001b[39m)\u001b[33m;\u001b[39m\u001b[22m\n\u001b[2m     \u001b[90m    |\u001b[39m          \u001b[31m\u001b[1m^\u001b[22m\u001b[2m\u001b[39m\u001b[22m\n\u001b[2m     \u001b[90m 75 |\u001b[39m\u001b[22m\n\u001b[2m     \u001b[90m 76 |\u001b[39m       expect(response\u001b[33m.\u001b[39mbody\u001b[33m.\u001b[39msuccess)\u001b[33m.\u001b[39mtoBe(\u001b[36mfalse\u001b[39m)\u001b[33m;\u001b[39m\u001b[22m\n\u001b[2m     \u001b[90m 77 |\u001b[39m     })\u001b[33m;\u001b[39m\u001b[0m\u001b[22m\n\u001b[2m\u001b[22m\n\u001b[2m      \u001b[2mat Object.expect (\u001b[22m\u001b[2m\u001b[0m\u001b[36mtests/integration/routes/auth.test.js\u001b[39m\u001b[0m\u001b[2m:74:10)\u001b[22m\u001b[2m\u001b[22m\n\u001b[2m      ----\u001b[22m\n\u001b[2m      \u001b[2mat Test._assertStatus (\u001b[22m\u001b[2mnode_modules/supertest/lib/test.js\u001b[2m:309:14)\u001b[22m\u001b[2m\u001b[22m\n\u001b[2m      \u001b[2mat \u001b[22m\u001b[2mnode_modules/supertest/lib/test.js\u001b[2m:365:13\u001b[22m\u001b[2m\u001b[22m\n\u001b[2m      \u001b[2mat Test._assertFunction (\u001b[22m\u001b[2mnode_modules/supertest/lib/test.js\u001b[2m:342:13)\u001b[22m\u001b[2m\u001b[22m\n\u001b[2m      \u001b[2mat Test.assert (\u001b[22m\u001b[2mnode_modules/supertest/lib/test.js\u001b[2m:195:23)\u001b[22m\u001b[2m\u001b[22m\n\u001b[2m      \u001b[2mat localAssert (\u001b[22m\u001b[2mnode_modules/supertest/lib/test.js\u001b[2m:138:14)\u001b[22m\u001b[2m\u001b[22m\n\u001b[2m      \u001b[2mat Server.<anonymous> (\u001b[22m\u001b[2mnode_modules/supertest/lib/test.js\u001b[2m:152:11)\u001b[22m\u001b[2m\u001b[22m\n\n\n  \u001b[1m● \u001b[22mTest suite failed to run\n\n    Can't add new command when connection is in closed state\n\n    \u001b[0m \u001b[90m 22 |\u001b[39m   \u001b[90m// Close database connection\u001b[39m\n     \u001b[90m 23 |\u001b[39m   \u001b[36mif\u001b[39m (global\u001b[33m.\u001b[39mdb \u001b[33m&&\u001b[39m global\u001b[33m.\u001b[39mdb\u001b[33m.\u001b[39mpool) {\n    \u001b[31m\u001b[1m>\u001b[22m\u001b[39m\u001b[90m 24 |\u001b[39m     \u001b[36mawait\u001b[39m global\u001b[33m.\u001b[39mdb\u001b[33m.\u001b[39mpool\u001b[33m.\u001b[39mend()\u001b[33m;\u001b[39m\n     \u001b[90m    |\u001b[39m                          \u001b[31m\u001b[1m^\u001b[22m\u001b[39m\n     \u001b[90m 25 |\u001b[39m   }\n     \u001b[90m 26 |\u001b[39m })\u001b[33m;\u001b[39m\n     \u001b[90m 27 |\u001b[39m\u001b[0m\n\n      \u001b[2mat Proxy.end (\u001b[22mnode_modules/mysql2/lib/promise/pool.js\u001b[2m:72:22)\u001b[22m\n      \u001b[2mat Object.end (\u001b[22mtests/setup/testApp.js\u001b[2m:24:26)\u001b[22m\n","name":"D:\\Upwork project\\portugalstore.fr\\tests\\integration\\routes\\auth.test.js","startTime":1780969916725,"status":"failed","summary":""},{"assertionResults":[{"ancestorTitles":["Cart API","GET /api/cart"],"duration":1891,"failing":false,"failureDetails":[{}],"failureMessages":["Error: expected 200 \"OK\", got 401 \"Unauthorized\"\n    at Object.expect (D:\\Upwork project\\portugalstore.fr\\tests\\integration\\routes\\cart.test.js:26:10)\n    at Promise.finally.completed (D:\\Upwork project\\portugalstore.fr\\node_modules\\jest-circus\\build\\jestAdapterInit.js:1557:28)\n    at new Promise (<anonymous>)\n    at callAsyncCircusFn (D:\\Upwork project\\portugalstore.fr\\node_modules\\jest-circus\\build\\jestAdapterInit.js:1497:10)\n    at _callCircusTest (D:\\Upwork project\\portugalstore.fr\\node_modules\\jest-circus\\build\\jestAdapterInit.js:1007:40)\n    at processTicksAndRejections (node:internal/process/task_queues:104:5)\n    at _runTest (D:\\Upwork project\\portugalstore.fr\\node_modules\\jest-circus\\build\\jestAdapterInit.js:947:3)\n    at D:\\Upwork project\\portugalstore.fr\\node_modules\\jest-circus\\build\\jestAdapterInit.js:849:7\n    at _runTestsForDescribeBlock (D:\\Upwork project\\portugalstore.fr\\node_modules\\jest-circus\\build\\jestAdapterInit.js:862:11)\n    at _runTestsForDescribeBlock (D:\\Upwork project\\portugalstore.fr\\node_modules\\jest-circus\\build\\jestAdapterInit.js:857:11)\n    at _runTestsForDescribeBlock (D:\\Upwork project\\portugalstore.fr\\node_modules\\jest-circus\\build\\jestAdapterInit.js:857:11)\n    at run (D:\\Upwork project\\portugalstore.fr\\node_modules\\jest-circus\\build\\jestAdapterInit.js:761:3)\n    at runAndTransformResultsToJestFormat (D:\\Upwork project\\portugalstore.fr\\node_modules\\jest-circus\\build\\jestAdapterInit.js:1918:21)\n    at jestAdapter (D:\\Upwork project\\portugalstore.fr\\node_modules\\jest-circus\\build\\runner.js:101:19)\n    at runTestInternal (D:\\Upwork project\\portugalstore.fr\\node_modules\\jest-runner\\build\\index.js:275:16)\n    at runTest (D:\\Upwork project\\portugalstore.fr\\node_modules\\jest-runner\\build\\index.js:343:7)\n----\n    at Test._assertStatus (D:\\Upwork project\\portugalstore.fr\\node_modules\\supertest\\lib\\test.js:309:14)\n    at D:\\Upwork project\\portugalstore.fr\\node_modules\\supertest\\lib\\test.js:365:13\n    at Test._assertFunction (D:\\Upwork project\\portugalstore.fr\\node_modules\\supertest\\lib\\test.js:342:13)\n    at Test.assert (D:\\Upwork project\\portugalstore.fr\\node_modules\\supertest\\lib\\test.js:195:23)\n    at localAssert (D:\\Upwork project\\portugalstore.fr\\node_modules\\supertest\\lib\\test.js:138:14)\n    at Server.<anonymous> (D:\\Upwork project\\portugalstore.fr\\node_modules\\supertest\\lib\\test.js:152:11)\n    at Object.onceWrapper (node:events:622:28)\n    at Server.emit (node:events:508:20)\n    at emitCloseNT (node:net:2419:8)\n    at processTicksAndRejections (node:internal/process/task_queues:89:21)"],"fullName":"Cart API GET /api/cart should return empty cart for new user","invocations":1,"location":null,"numPassingAsserts":0,"retryReasons":[],"startAt":1780969899996,"status":"failed","title":"should return empty cart for new user"},{"ancestorTitles":["Cart API","POST /api/cart/add"],"duration":1647,"failing":false,"failureDetails":[{}],"failureMessages":["Error: expected 200 \"OK\", got 401 \"Unauthorized\"\n    at Object.expect (D:\\Upwork project\\portugalstore.fr\\tests\\integration\\routes\\cart.test.js:42:10)\n    at Promise.finally.completed (D:\\Upwork project\\portugalstore.fr\\node_modules\\jest-circus\\build\\jestAdapterInit.js:1557:28)\n    at new Promise (<anonymous>)\n    at callAsyncCircusFn (D:\\Upwork project\\portugalstore.fr\\node_modules\\jest-circus\\build\\jestAdapterInit.js:1497:10)\n    at _callCircusTest (D:\\Upwork project\\portugalstore.fr\\node_modules\\jest-circus\\build\\jestAdapterInit.js:1007:40)\n    at processTicksAndRejections (node:internal/process/task_queues:104:5)\n    at _runTest (D:\\Upwork project\\portugalstore.fr\\node_modules\\jest-circus\\build\\jestAdapterInit.js:947:3)\n    at D:\\Upwork project\\portugalstore.fr\\node_modules\\jest-circus\\build\\jestAdapterInit.js:849:7\n    at _runTestsForDescribeBlock (D:\\Upwork project\\portugalstore.fr\\node_modules\\jest-circus\\build\\jestAdapterInit.js:862:11)\n    at _runTestsForDescribeBlock (D:\\Upwork project\\portugalstore.fr\\node_modules\\jest-circus\\build\\jestAdapterInit.js:857:11)\n    at _runTestsForDescribeBlock (D:\\Upwork project\\portugalstore.fr\\node_modules\\jest-circus\\build\\jestAdapterInit.js:857:11)\n    at run (D:\\Upwork project\\portugalstore.fr\\node_modules\\jest-circus\\build\\jestAdapterInit.js:761:3)\n    at runAndTransformResultsToJestFormat (D:\\Upwork project\\portugalstore.fr\\node_modules\\jest-circus\\build\\jestAdapterInit.js:1918:21)\n    at jestAdapter (D:\\Upwork project\\portugalstore.fr\\node_modules\\jest-circus\\build\\runner.js:101:19)\n    at runTestInternal (D:\\Upwork project\\portugalstore.fr\\node_modules\\jest-runner\\build\\index.js:275:16)\n    at runTest (D:\\Upwork project\\portugalstore.fr\\node_modules\\jest-runner\\build\\index.js:343:7)\n----\n    at Test._assertStatus (D:\\Upwork project\\portugalstore.fr\\node_modules\\supertest\\lib\\test.js:309:14)\n    at D:\\Upwork project\\portugalstore.fr\\node_modules\\supertest\\lib\\test.js:365:13\n    at Test._assertFunction (D:\\Upwork project\\portugalstore.fr\\node_modules\\supertest\\lib\\test.js:342:13)\n    at Test.assert (D:\\Upwork project\\portugalstore.fr\\node_modules\\supertest\\lib\\test.js:195:23)\n    at localAssert (D:\\Upwork project\\portugalstore.fr\\node_modules\\supertest\\lib\\test.js:138:14)\n    at Server.<anonymous> (D:\\Upwork project\\portugalstore.fr\\node_modules\\supertest\\lib\\test.js:152:11)\n    at Object.onceWrapper (node:events:622:28)\n    at Server.emit (node:events:508:20)\n    at emitCloseNT (node:net:2419:8)\n    at processTicksAndRejections (node:internal/process/task_queues:89:21)"],"fullName":"Cart API POST /api/cart/add should add item to cart","invocations":1,"location":null,"numPassingAsserts":0,"retryReasons":[],"startAt":1780969901888,"status":"failed","title":"should add item to cart"}],"coverage":{},"endTime":1780969916725,"message":"\u001b[1m\u001b[31m  \u001b[1m● \u001b[22m\u001b[1mCart API › GET /api/cart › should return empty cart for new user\u001b[39m\u001b[22m\n\n    expected 200 \"OK\", got 401 \"Unauthorized\"\n\u001b[2m\u001b[22m\n\u001b[2m    \u001b[0m \u001b[90m 24 |\u001b[39m         \u001b[33m.\u001b[39m\u001b[36mget\u001b[39m(\u001b[32m'/api/cart'\u001b[39m)\u001b[22m\n\u001b[2m     \u001b[90m 25 |\u001b[39m         \u001b[33m.\u001b[39m\u001b[36mset\u001b[39m(\u001b[32m'Authorization'\u001b[39m\u001b[33m,\u001b[39m \u001b[32m`Bearer ${token}`\u001b[39m)\u001b[22m\n\u001b[2m    \u001b[31m\u001b[1m>\u001b[22m\u001b[2m\u001b[39m\u001b[90m 26 |\u001b[39m         \u001b[33m.\u001b[39mexpect(\u001b[35m200\u001b[39m)\u001b[33m;\u001b[39m\u001b[22m\n\u001b[2m     \u001b[90m    |\u001b[39m          \u001b[31m\u001b[1m^\u001b[22m\u001b[2m\u001b[39m\u001b[22m\n\u001b[2m     \u001b[90m 27 |\u001b[39m\u001b[22m\n\u001b[2m     \u001b[90m 28 |\u001b[39m       expect(response\u001b[33m.\u001b[39mbody\u001b[33m.\u001b[39msuccess)\u001b[33m.\u001b[39mtoBe(\u001b[36mtrue\u001b[39m)\u001b[33m;\u001b[39m\u001b[22m\n\u001b[2m     \u001b[90m 29 |\u001b[39m       expect(response\u001b[33m.\u001b[39mbody\u001b[33m.\u001b[39mdata\u001b[33m.\u001b[39mitems)\u001b[33m.\u001b[39mtoEqual([])\u001b[33m;\u001b[39m\u001b[0m\u001b[22m\n\u001b[2m\u001b[22m\n\u001b[2m      \u001b[2mat Object.expect (\u001b[22m\u001b[2m\u001b[0m\u001b[36mtests/integration/routes/cart.test.js\u001b[39m\u001b[0m\u001b[2m:26:10)\u001b[22m\u001b[2m\u001b[22m\n\u001b[2m      ----\u001b[22m\n\u001b[2m      \u001b[2mat Test._assertStatus (\u001b[22m\u001b[2mnode_modules/supertest/lib/test.js\u001b[2m:309:14)\u001b[22m\u001b[2m\u001b[22m\n\u001b[2m      \u001b[2mat \u001b[22m\u001b[2mnode_modules/supertest/lib/test.js\u001b[2m:365:13\u001b[22m\u001b[2m\u001b[22m\n\u001b[2m      \u001b[2mat Test._assertFunction (\u001b[22m\u001b[2mnode_modules/supertest/lib/test.js\u001b[2m:342:13)\u001b[22m\u001b[2m\u001b[22m\n\u001b[2m      \u001b[2mat Test.assert (\u001b[22m\u001b[2mnode_modules/supertest/lib/test.js\u001b[2m:195:23)\u001b[22m\u001b[2m\u001b[22m\n\u001b[2m      \u001b[2mat localAssert (\u001b[22m\u001b[2mnode_modules/supertest/lib/test.js\u001b[2m:138:14)\u001b[22m\u001b[2m\u001b[22m\n\u001b[2m      \u001b[2mat Server.<anonymous> (\u001b[22m\u001b[2mnode_modules/supertest/lib/test.js\u001b[2m:152:11)\u001b[22m\u001b[2m\u001b[22m\n\n\u001b[1m\u001b[31m  \u001b[1m● \u001b[22m\u001b[1mCart API › POST /api/cart/add › should add item to cart\u001b[39m\u001b[22m\n\n    expected 200 \"OK\", got 401 \"Unauthorized\"\n\u001b[2m\u001b[22m\n\u001b[2m    \u001b[0m \u001b[90m 40 |\u001b[39m           quantity\u001b[33m:\u001b[39m \u001b[35m2\u001b[39m\u001b[33m,\u001b[39m\u001b[22m\n\u001b[2m     \u001b[90m 41 |\u001b[39m         })\u001b[22m\n\u001b[2m    \u001b[31m\u001b[1m>\u001b[22m\u001b[2m\u001b[39m\u001b[90m 42 |\u001b[39m         \u001b[33m.\u001b[39mexpect(\u001b[35m200\u001b[39m)\u001b[33m;\u001b[39m\u001b[22m\n\u001b[2m     \u001b[90m    |\u001b[39m          \u001b[31m\u001b[1m^\u001b[22m\u001b[2m\u001b[39m\u001b[22m\n\u001b[2m     \u001b[90m 43 |\u001b[39m\u001b[22m\n\u001b[2m     \u001b[90m 44 |\u001b[39m       expect(response\u001b[33m.\u001b[39mbody\u001b[33m.\u001b[39msuccess)\u001b[33m.\u001b[39mtoBe(\u001b[36mtrue\u001b[39m)\u001b[33m;\u001b[39m\u001b[22m\n\u001b[2m     \u001b[90m 45 |\u001b[39m       expect(response\u001b[33m.\u001b[39mbody\u001b[33m.\u001b[39mdata\u001b[33m.\u001b[39mitems)\u001b[33m.\u001b[39mtoHaveLength(\u001b[35m1\u001b[39m)\u001b[33m;\u001b[39m\u001b[0m\u001b[22m\n\u001b[2m\u001b[22m\n\u001b[2m      \u001b[2mat Object.expect (\u001b[22m\u001b[2m\u001b[0m\u001b[36mtests/integration/routes/cart.test.js\u001b[39m\u001b[0m\u001b[2m:42:10)\u001b[22m\u001b[2m\u001b[22m\n\u001b[2m      ----\u001b[22m\n\u001b[2m      \u001b[2mat Test._assertStatus (\u001b[22m\u001b[2mnode_modules/supertest/lib/test.js\u001b[2m:309:14)\u001b[22m\u001b[2m\u001b[22m\n\u001b[2m      \u001b[2mat \u001b[22m\u001b[2mnode_modules/supertest/lib/test.js\u001b[2m:365:13\u001b[22m\u001b[2m\u001b[22m\n\u001b[2m      \u001b[2mat Test._assertFunction (\u001b[22m\u001b[2mnode_modules/supertest/lib/test.js\u001b[2m:342:13)\u001b[22m\u001b[2m\u001b[22m\n\u001b[2m      \u001b[2mat Test.assert (\u001b[22m\u001b[2mnode_modules/supertest/lib/test.js\u001b[2m:195:23)\u001b[22m\u001b[2m\u001b[22m\n\u001b[2m      \u001b[2mat localAssert (\u001b[22m\u001b[2mnode_modules/supertest/lib/test.js\u001b[2m:138:14)\u001b[22m\u001b[2m\u001b[22m\n\u001b[2m      \u001b[2mat Server.<anonymous> (\u001b[22m\u001b[2mnode_modules/supertest/lib/test.js\u001b[2m:152:11)\u001b[22m\u001b[2m\u001b[22m\n\n\n  \u001b[1m● \u001b[22mTest suite failed to run\n\n    Can't add new command when connection is in closed state\n\n    \u001b[0m \u001b[90m 22 |\u001b[39m   \u001b[90m// Close database connection\u001b[39m\n     \u001b[90m 23 |\u001b[39m   \u001b[36mif\u001b[39m (global\u001b[33m.\u001b[39mdb \u001b[33m&&\u001b[39m global\u001b[33m.\u001b[39mdb\u001b[33m.\u001b[39mpool) {\n    \u001b[31m\u001b[1m>\u001b[22m\u001b[39m\u001b[90m 24 |\u001b[39m     \u001b[36mawait\u001b[39m global\u001b[33m.\u001b[39mdb\u001b[33m.\u001b[39mpool\u001b[33m.\u001b[39mend()\u001b[33m;\u001b[39m\n     \u001b[90m    |\u001b[39m                          \u001b[31m\u001b[1m^\u001b[22m\u001b[39m\n     \u001b[90m 25 |\u001b[39m   }\n     \u001b[90m 26 |\u001b[39m })\u001b[33m;\u001b[39m\n     \u001b[90m 27 |\u001b[39m\u001b[0m\n\n      \u001b[2mat Proxy.end (\u001b[22mnode_modules/mysql2/lib/promise/pool.js\u001b[2m:72:22)\u001b[22m\n      \u001b[2mat Object.end (\u001b[22mtests/setup/testApp.js\u001b[2m:24:26)\u001b[22m\n","name":"D:\\Upwork project\\portugalstore.fr\\tests\\integration\\routes\\cart.test.js","startTime":1780969916725,"status":"failed","summary":""},{"assertionResults":[{"ancestorTitles":["User Model","User creation"],"duration":1594,"failing":false,"failureDetails":[],"failureMessages":[],"fullName":"User Model User creation should create a user with valid data","invocations":1,"location":null,"numPassingAsserts":4,"retryReasons":[],"startAt":1780969908786,"status":"passed","title":"should create a user with valid data"},{"ancestorTitles":["User Model","User creation"],"duration":2003,"failing":false,"failureDetails":[],"failureMessages":[],"fullName":"User Model User creation should hash password on creation","invocations":1,"location":null,"numPassingAsserts":2,"retryReasons":[],"startAt":1780969910382,"status":"passed","title":"should hash password on creation"},{"ancestorTitles":["User Model","User validation"],"duration":1406,"failing":false,"failureDetails":[],"failureMessages":[],"fullName":"User Model User validation should require username","invocations":1,"location":null,"numPassingAsserts":1,"retryReasons":[],"startAt":1780969912386,"status":"passed","title":"should require username"},{"ancestorTitles":["User Model","User validation"],"duration":1492,"failing":false,"failureDetails":[],"failureMessages":[],"fullName":"User Model User validation should require email","invocations":1,"location":null,"numPassingAsserts":1,"retryReasons":[],"startAt":1780969913793,"status":"passed","title":"should require email"},{"ancestorTitles":["User Model","User validation"],"duration":1421,"failing":false,"failureDetails":[],"failureMessages":[],"fullName":"User Model User validation should require password","invocations":1,"location":null,"numPassingAsserts":1,"retryReasons":[],"startAt":1780969915287,"status":"passed","title":"should require password"}],"endTime":1780969916710,"message":"","name":"D:\\Upwork project\\portugalstore.fr\\tests\\unit\\models\\User.test.js","startTime":1780969903557,"status":"passed","summary":""}],"wasInterrupted":false}
